<?xml version="1.0" encoding="UTF-8"?>
<robot generator="Robot 7.0.1 (Python 3.10.12 on linux)" generated="2024-09-03T16:10:10.288953" rpa="false" schemaversion="5">
<suite id="s1" name="Structure" source="/home/dcrocha/robot_kickoff/web-test-name/tests/structure.robot">
<test id="s1-t1" name="Example test 1 - opening chrome site" line="11">
<kw name="Open Browser" owner="SeleniumLibrary">
<msg time="2024-09-03T16:10:10.398810" level="INFO">Opening browser 'chrome' to base url 'https://www.google.com.br'.</msg>
<arg>https://www.google.com.br</arg>
<arg>chrome</arg>
<doc>Opens a new browser instance to the optional ``url``.</doc>
<status status="PASS" start="2024-09-03T16:10:10.398611" elapsed="3.494597"/>
</kw>
<kw name="Close Browser" owner="SeleniumLibrary">
<doc>Closes the current browser.</doc>
<status status="PASS" start="2024-09-03T16:10:13.894435" elapsed="0.172141"/>
</kw>
<status status="PASS" start="2024-09-03T16:10:10.397837" elapsed="3.669177"/>
</test>
<test id="s1-t2" name="Example test 2 - opening amazon web site" line="14">
<kw name="Open Browser" owner="SeleniumLibrary">
<msg time="2024-09-03T16:10:14.068563" level="INFO">Opening browser 'chrome' to base url 'https://www.amazon.com.br'.</msg>
<arg>https://www.amazon.com.br</arg>
<arg>chrome</arg>
<doc>Opens a new browser instance to the optional ``url``.</doc>
<status status="PASS" start="2024-09-03T16:10:14.068166" elapsed="3.691804"/>
</kw>
<kw name="Close Browser" owner="SeleniumLibrary">
<doc>Closes the current browser.</doc>
<status status="PASS" start="2024-09-03T16:10:17.760349" elapsed="0.116332"/>
</kw>
<status status="PASS" start="2024-09-03T16:10:14.067473" elapsed="3.809593"/>
</test>
<status status="PASS" start="2024-09-03T16:10:10.289683" elapsed="7.588070"/>
</suite>
<statistics>
<total>
<stat pass="2" fail="0" skip="0">All Tests</stat>
</total>
<tag>
</tag>
<suite>
<stat pass="2" fail="0" skip="0" id="s1" name="Structure">Structure</stat>
</suite>
</statistics>
<errors>
</errors>
</robot>
